#
# There is insufficient memory for the Java Runtime Environment to continue.
# Native memory allocation (malloc) failed to allocate 1334176 bytes for Chunk::new
# Possible reasons:
#   The system is out of physical RAM or swap space
#   The process is running with CompressedOops enabled, and the Java Heap may be blocking the growth of the native heap
# Possible solutions:
#   Reduce memory load on the system
#   Increase physical memory or swap space
#   Check if swap backing store is full
#   Decrease Java heap size (-Xmx/-Xms)
#   Decrease number of Java threads
#   Decrease Java thread stack sizes (-Xss)
#   Set larger code cache with -XX:ReservedCodeCacheSize=
#   JVM is running with Unscaled Compressed Oops mode in which the Java heap is
#     placed in the first 4GB address space. The Java Heap base address is the
#     maximum limit for the native heap growth. Please use -XX:HeapBaseMinAddress
#     to set the Java Heap base and to place the Java Heap above 4GB virtual address.
# This output file may be truncated or incomplete.
#
#  Out of Memory Error (allocation.cpp:389), pid=9432, tid=0x0000000000001820
#
# JRE version: OpenJDK Runtime Environment (8.0_212-b04) (build 1.8.0_212-release-1586-b04)
# Java VM: OpenJDK 64-Bit Server VM (25.212-b04 mixed mode windows-amd64 compressed oops)
# Failed to write core dump. Minidumps are not enabled by default on client versions of Windows
#

---------------  T H R E A D  ---------------

Current thread (0x00000000166ab000):  JavaThread "C2 CompilerThread0" daemon [_thread_in_native, id=6176, stack(0x0000000018c70000,0x0000000018d70000)]

Stack: [0x0000000018c70000,0x0000000018d70000]
[error occurred during error reporting (printing stack bounds), id 0xc0000005]

Native frames: (J=compiled Java code, j=interpreted, Vv=VM code, C=native code)


Current CompileTask:
C2:3300627 19928 %     4       com.android.tools.r8.ir.regalloc.LinearScanRegisterAllocator::a @ 330 (1756 bytes)


---------------  P R O C E S S  ---------------

Java Threads: ( => current thread )
  0x000000002bd7c000 JavaThread "ForkJoinPool.commonPool-worker-7" daemon [_thread_blocked, id=13824, stack(0x000000002ef10000,0x000000002f010000)]
  0x000000002bd7a800 JavaThread "ForkJoinPool.commonPool-worker-6" daemon [_thread_blocked, id=6116, stack(0x000000002ee10000,0x000000002ef10000)]
  0x000000002bd7a000 JavaThread "ForkJoinPool.commonPool-worker-5" daemon [_thread_blocked, id=7124, stack(0x000000002ed10000,0x000000002ee10000)]
  0x00000000211f4000 JavaThread "ForkJoinPool.commonPool-worker-4" daemon [_thread_blocked, id=1120, stack(0x000000002e380000,0x000000002e480000)]
  0x000000001e12c000 JavaThread "ForkJoinPool.commonPool-worker-3" daemon [_thread_in_native, id=12328, stack(0x000000002e280000,0x000000002e380000)]
  0x000000001e12b800 JavaThread "ForkJoinPool.commonPool-worker-1" daemon [_thread_blocked, id=13200, stack(0x000000002e080000,0x000000002e180000)]
  0x000000001e127000 JavaThread "WorkerExecutor Queue Thread 15" [_thread_blocked, id=8208, stack(0x000000002eb10000,0x000000002ec10000)]
  0x000000002036d800 JavaThread "WorkerExecutor Queue Thread 14" [_thread_blocked, id=5592, stack(0x000000002ea10000,0x000000002eb10000)]
  0x0000000020370800 JavaThread "WorkerExecutor Queue Thread 13" [_thread_blocked, id=13184, stack(0x000000002e910000,0x000000002ea10000)]
  0x000000002036e800 JavaThread "WorkerExecutor Queue Thread 12" [_thread_blocked, id=2160, stack(0x000000002e810000,0x000000002e910000)]
  0x000000002036d000 JavaThread "WorkerExecutor Queue Thread 11" [_thread_blocked, id=668, stack(0x000000002e710000,0x000000002e810000)]
  0x0000000020373000 JavaThread "WorkerExecutor Queue Thread 10" [_thread_blocked, id=7856, stack(0x0000000029930000,0x0000000029a30000)]
  0x000000002036f000 JavaThread "Cache worker for Java compile cache (D:\demo_space\CommonCoordinateLayout\.gradle\5.6.4\javaCompile)" [_thread_blocked, id=3540, stack(0x0000000029830000,0x0000000029930000)]
  0x0000000020372000 JavaThread "Cache worker for Java compile cache (C:\Users\Administrator\.gradle\caches\5.6.4\javaCompile)" [_thread_blocked, id=5240, stack(0x00000000294d0000,0x00000000295d0000)]
  0x0000000020370000 JavaThread "WorkerExecutor Queue Thread 9" [_thread_blocked, id=8312, stack(0x000000002b9d0000,0x000000002bad0000)]
  0x0000000020364800 JavaThread "stdout" [_thread_in_native, id=424, stack(0x000000002b6d0000,0x000000002b7d0000)]
  0x0000000020367000 JavaThread "stderr" [_thread_in_native, id=6512, stack(0x000000002b5d0000,0x000000002b6d0000)]
  0x000000002036b800 JavaThread "stdout" [_thread_in_native, id=7344, stack(0x000000002b120000,0x000000002b220000)]
  0x0000000020364000 JavaThread "stderr" [_thread_in_native, id=9136, stack(0x000000002a610000,0x000000002a710000)]
  0x000000002036a000 JavaThread "stdout" [_thread_in_native, id=2424, stack(0x000000002b2d0000,0x000000002b3d0000)]
  0x0000000020367800 JavaThread "stderr" [_thread_in_native, id=13540, stack(0x000000002ab80000,0x000000002ac80000)]
  0x0000000020369000 JavaThread "stdout" [_thread_in_native, id=14116, stack(0x000000002b020000,0x000000002b120000)]
  0x0000000020365800 JavaThread "stderr" [_thread_in_native, id=5536, stack(0x000000002af20000,0x000000002b020000)]
  0x0000000020366000 JavaThread "stdout" [_thread_in_native, id=9952, stack(0x000000002ae20000,0x000000002af20000)]
  0x0000000020368800 JavaThread "stderr" [_thread_in_native, id=7352, stack(0x000000002ad20000,0x000000002ae20000)]
  0x000000002036a800 JavaThread "stdout" [_thread_in_native, id=8580, stack(0x000000002aa80000,0x000000002ab80000)]
  0x000000001e12f000 JavaThread "stderr" [_thread_in_native, id=11108, stack(0x000000002a980000,0x000000002aa80000)]
  0x000000001e12d800 JavaThread "stdout" [_thread_in_native, id=11752, stack(0x000000002a880000,0x000000002a980000)]
  0x000000001e12d000 JavaThread "stderr" [_thread_in_native, id=9944, stack(0x000000002a780000,0x000000002a880000)]
  0x000000001e127800 JavaThread "MarlinRenderer Disposer" daemon [_thread_blocked, id=3148, stack(0x000000002a510000,0x000000002a610000)]
  0x000000001e12e800 JavaThread "Java2D Disposer" daemon [_thread_blocked, id=6640, stack(0x000000002a330000,0x000000002a430000)]
  0x000000001e120000 JavaThread "WorkerExecutor Queue Thread 4" [_thread_blocked, id=13852, stack(0x0000000029a30000,0x0000000029b30000)]
  0x000000001e121800 JavaThread "stdout" [_thread_in_native, id=4300, stack(0x0000000029730000,0x0000000029830000)]
  0x000000001e124800 JavaThread "stderr" [_thread_in_native, id=14040, stack(0x0000000029630000,0x0000000029730000)]
  0x000000001e124000 JavaThread "pool-10-thread-1" [_thread_blocked, id=10200, stack(0x00000000293d0000,0x00000000294d0000)]
  0x000000001af3b000 JavaThread "Cache worker for execution history cache (D:\demo_space\CommonCoordinateLayout\.gradle\5.6.4\executionHistory)" [_thread_blocked, id=11116, stack(0x00000000290d0000,0x00000000291d0000)]
  0x000000001af39000 JavaThread "Execution worker for ':' Thread 7" [_thread_blocked, id=6748, stack(0x0000000028fd0000,0x00000000290d0000)]
  0x000000001af3f000 JavaThread "Execution worker for ':' Thread 6" [_thread_blocked, id=9504, stack(0x0000000028ed0000,0x0000000028fd0000)]
  0x000000001af3a800 JavaThread "Execution worker for ':' Thread 5" [_thread_blocked, id=9392, stack(0x0000000028dd0000,0x0000000028ed0000)]
  0x0000000019464800 JavaThread "Execution worker for ':' Thread 4" [_thread_blocked, id=2820, stack(0x0000000028cd0000,0x0000000028dd0000)]
  0x0000000019464000 JavaThread "Execution worker for ':' Thread 3" [_thread_blocked, id=12752, stack(0x0000000028bd0000,0x0000000028cd0000)]
  0x000000001945f800 JavaThread "Execution worker for ':' Thread 2" [_thread_blocked, id=3100, stack(0x0000000027820000,0x0000000027920000)]
  0x0000000019458000 JavaThread "Execution worker for ':'" [_thread_blocked, id=9624, stack(0x0000000027720000,0x0000000027820000)]
  0x000000001945e800 JavaThread "Cache worker for file content cache (D:\demo_space\CommonCoordinateLayout\.gradle\5.6.4\fileContent)" [_thread_blocked, id=3860, stack(0x0000000027620000,0x0000000027720000)]
  0x000000001945d000 JavaThread "Cache worker for file content cache (C:\Users\Administrator\.gradle\caches\5.6.4\fileContent)" [_thread_blocked, id=1080, stack(0x0000000023850000,0x0000000023950000)]
  0x000000001945c800 JavaThread "Cache worker for Build Output Cleanup Cache (D:\demo_space\CommonCoordinateLayout\.gradle\buildOutputCleanup)" [_thread_blocked, id=8756, stack(0x0000000023750000,0x0000000023850000)]
  0x0000000019459800 JavaThread "pool-9-thread-1" [_thread_blocked, id=11544, stack(0x0000000023450000,0x0000000023550000)]
  0x000000001945e000 JavaThread "Build operations Thread 8" [_thread_blocked, id=10488, stack(0x0000000022f50000,0x0000000023050000)]
  0x000000001945b000 JavaThread "Build operations Thread 7" [_thread_blocked, id=5564, stack(0x0000000022e50000,0x0000000022f50000)]
  0x00000000211f2800 JavaThread "Build operations Thread 6" [_thread_blocked, id=13784, stack(0x0000000022d50000,0x0000000022e50000)]
  0x00000000211f8000 JavaThread "Build operations Thread 5" [_thread_blocked, id=8244, stack(0x0000000022c50000,0x0000000022d50000)]
  0x00000000211f6800 JavaThread "Build operations Thread 4" [_thread_blocked, id=11504, stack(0x0000000022910000,0x0000000022a10000)]
  0x00000000211f7000 JavaThread "Build operations Thread 3" [_thread_blocked, id=6332, stack(0x0000000022590000,0x0000000022690000)]
  0x00000000211f5000 JavaThread "Build operations Thread 2" [_thread_blocked, id=2976, stack(0x0000000022490000,0x0000000022590000)]
  0x00000000211f5800 JavaThread "Build operations" [_thread_blocked, id=9288, stack(0x0000000022390000,0x0000000022490000)]
  0x00000000211eb000 JavaThread "Cache worker for cache directory md-rule (C:\Users\Administrator\.gradle\caches\5.6.4\md-rule)" [_thread_blocked, id=8000, stack(0x000000001f580000,0x000000001f680000)]
  0x00000000211f0800 JavaThread "Cache worker for cache directory md-supplier (C:\Users\Administrator\.gradle\caches\5.6.4\md-supplier)" [_thread_blocked, id=11324, stack(0x000000001f480000,0x000000001f580000)]
  0x00000000211f2000 JavaThread "Cache worker for file hash cache (D:\demo_space\CommonCoordinateLayout\.gradle\5.6.4\fileHashes)" [_thread_blocked, id=7068, stack(0x000000001c8e0000,0x000000001c9e0000)]
  0x00000000211ef000 JavaThread "Thread-84" [_thread_blocked, id=5508, stack(0x000000001c7e0000,0x000000001c8e0000)]
  0x00000000211ed800 JavaThread "Stdin handler" [_thread_blocked, id=13524, stack(0x000000001c5e0000,0x000000001c6e0000)]
  0x00000000211ec800 JavaThread "Asynchronous log dispatcher for DefaultDaemonConnection: socket connection from /127.0.0.1:58977 to /127.0.0.1:58530" [_thread_blocked, id=4532, stack(0x000000001c4e0000,0x000000001c5e0000)]
  0x00000000211ef800 JavaThread "Daemon worker Thread 4" [_thread_blocked, id=11312, stack(0x000000001c3e0000,0x000000001c4e0000)]
  0x00000000211ec000 JavaThread "Cancel handler" [_thread_blocked, id=8996, stack(0x0000000000990000,0x0000000000a90000)]
  0x00000000211ee000 JavaThread "Handler for socket connection from /127.0.0.1:58977 to /127.0.0.1:58530" [_thread_in_native, id=11592, stack(0x0000000000890000,0x0000000000990000)]
  0x00000000211ea800 JavaThread "Daemon Thread 4" [_thread_blocked, id=13812, stack(0x0000000000790000,0x0000000000890000)]
  0x0000000019463000 JavaThread "Memory manager" [_thread_blocked, id=6244, stack(0x0000000024400000,0x0000000024500000)]
  0x000000001af3d800 JavaThread "Cache worker for execution history cache (C:\Users\Administrator\.gradle\caches\5.6.4\executionHistory)" [_thread_blocked, id=12220, stack(0x0000000020cc0000,0x0000000020dc0000)]
  0x000000001af3e000 JavaThread "Cache worker for journal cache (C:\Users\Administrator\.gradle\caches\journal-1)" [_thread_blocked, id=11048, stack(0x000000001cde0000,0x000000001cee0000)]
  0x000000001af3f800 JavaThread "File lock request listener" [_thread_in_native, id=10788, stack(0x000000001cce0000,0x000000001cde0000)]
  0x000000001ae4a800 JavaThread "Cache worker for file hash cache (C:\Users\Administrator\.gradle\caches\5.6.4\fileHashes)" [_thread_blocked, id=660, stack(0x000000001cbe0000,0x000000001cce0000)]
  0x000000001ad6a800 JavaThread "Daemon periodic checks" [_thread_blocked, id=8912, stack(0x000000001bee0000,0x000000001bfe0000)]
  0x000000001ad6e800 JavaThread "Incoming local TCP Connector on port 58977" [_thread_in_native, id=10872, stack(0x000000001bd30000,0x000000001be30000)]
  0x00000000196c9000 JavaThread "Daemon health stats" [_thread_blocked, id=4132, stack(0x000000001ba10000,0x000000001bb10000)]
  0x000000001858c800 JavaThread "Service Thread" daemon [_thread_blocked, id=8060, stack(0x0000000019070000,0x0000000019170000)]
  0x000000001850f800 JavaThread "C1 CompilerThread3" daemon [_thread_blocked, id=11296, stack(0x0000000018f70000,0x0000000019070000)]
  0x000000001850b800 JavaThread "C2 CompilerThread2" daemon [_thread_in_native, id=10272, stack(0x0000000018e70000,0x0000000018f70000)]
  0x00000000166ae800 JavaThread "C2 CompilerThread1" daemon [_thread_in_native, id=9316, stack(0x0000000018d70000,0x0000000018e70000)]
=>0x00000000166ab000 JavaThread "C2 CompilerThread0" daemon [_thread_in_native, id=6176, stack(0x0000000018c70000,0x0000000018d70000)]
  0x00000000184ff000 JavaThread "Attach Listener" daemon [_thread_blocked, id=12780, stack(0x0000000018b70000,0x0000000018c70000)]
  0x00000000184ad000 JavaThread "Signal Dispatcher" daemon [_thread_blocked, id=9128, stack(0x0000000018a70000,0x0000000018b70000)]
  0x000000001669c000 JavaThread "Finalizer" daemon [_thread_blocked, id=1276, stack(0x0000000018970000,0x0000000018a70000)]
  0x00000000028d5800 JavaThread "Reference Handler" daemon [_thread_blocked, id=11084, stack(0x0000000018870000,0x0000000018970000)]
  0x00000000026de000 JavaThread "main" [_thread_blocked, id=2872, stack(0x00000000026e0000,0x00000000027e0000)]

Other Threads:
  0x0000000016698000 VMThread [stack: 0x0000000018370000,0x0000000018470000] [id=11856]
  0x000000001858d800 WatcherThread [stack: 0x0000000019170000,0x0000000019270000] [id=10120]

VM state:not at safepoint (normal execution)

VM Mutex/Monitor currently owned by a thread: None

heap address: 0x00000000a0000000, size: 1536 MB, Compressed Oops mode: 32-bit
Narrow klass base: 0x0000000000000000, Narrow klass shift: 3
Compressed class space size: 1073741824 Address: 0x0000000100000000

Heap:
 PSYoungGen      total 477184K, used 193809K [0x00000000e0000000, 0x0000000100000000, 0x0000000100000000)
  eden space 444928K, 36% used [0x00000000e0000000,0x00000000e9e28218,0x00000000fb280000)
  from space 32256K, 98% used [0x00000000fb280000,0x00000000fd19c350,0x00000000fd200000)
  to   space 41984K, 0% used [0x00000000fd700000,0x00000000fd700000,0x0000000100000000)
 ParOldGen       total 200704K, used 61031K [0x00000000a0000000, 0x00000000ac400000, 0x00000000e0000000)
  object space 200704K, 30% used [0x00000000a0000000,0x00000000a3b99db0,0x00000000ac400000)
 Metaspace       used 105976K, capacity 111738K, committed 111872K, reserved 1146880K
  class space    used 13634K, capacity 14743K, committed 14848K, reserved 1048576K

Card table byte_map: [0x0000000011ca0000,0x0000000011fb0000] byte_map_base: 0x00000000117a0000

Marking Bits: (ParMarkBitMap*) 0x0000000073019f30
 Begin Bits: [0x00000000129b0000, 0x00000000141b0000)
 End Bits:   [0x00000000141b0000, 0x00000000159b0000)

Polling page: 0x0000000002270000

CodeCache: size=245760Kb used=60388Kb max_used=61100Kb free=185371Kb
 bounds [0x00000000028e0000, 0x0000000006530000, 0x00000000118e0000]
 total_blobs=18715 nmethods=17667 adapters=959
 compilation: enabled

Compilation events (10 events):
Event: 3300.607 Thread 0x000000001850f800 21777       2       com.android.zipflinger.CentralDirectoryRecord::<init> (44 bytes)
Event: 3300.607 Thread 0x000000001850f800 nmethod 21777 0x00000000058d26d0 code [0x00000000058d2820, 0x00000000058d29d0]
Event: 3300.607 Thread 0x000000001850f800 21778       2       sun.misc.SharedSecrets::getJavaIOFileDescriptorAccess (18 bytes)
Event: 3300.607 Thread 0x000000001850f800 nmethod 21778 0x00000000058d2350 code [0x00000000058d24c0, 0x00000000058d2648]
Event: 3300.607 Thread 0x000000001850f800 21779       2       java.nio.DirectByteBuffer::get (126 bytes)
Event: 3300.608 Thread 0x000000001850f800 nmethod 21779 0x000000000548a650 code [0x000000000548a800, 0x000000000548abc8]
Event: 3300.608 Thread 0x000000001850f800 21780       2       java.nio.DirectByteBuffer::get (15 bytes)
Event: 3300.608 Thread 0x000000001850f800 nmethod 21780 0x000000000548a190 code [0x000000000548a300, 0x000000000548a528]
Event: 3300.609 Thread 0x000000001850f800 21781   !   2       sun.reflect.GeneratedConstructorAccessor123::newInstance (246 bytes)
Event: 3300.609 Thread 0x000000001850f800 nmethod 21781 0x0000000005c82f90 code [0x0000000005c831e0, 0x0000000005c83f08]

GC Heap History (10 events):
Event: 3292.885 GC heap before
{Heap before GC invocations=15 (full 3):
 PSYoungGen      total 488448K, used 448673K [0x00000000e0000000, 0x0000000100000000, 0x0000000100000000)
  eden space 457728K, 91% used [0x00000000e0000000,0x00000000f982b0e8,0x00000000fbf00000)
  from space 30720K, 99% used [0x00000000fbf00000,0x00000000fdcfd3d8,0x00000000fdd00000)
  to   space 35840K, 0% used [0x00000000fdd00000,0x00000000fdd00000,0x0000000100000000)
 ParOldGen       total 131584K, used 39467K [0x00000000a0000000, 0x00000000a8080000, 0x00000000e0000000)
  object space 131584K, 29% used [0x00000000a0000000,0x00000000a268add8,0x00000000a8080000)
 Metaspace       used 93610K, capacity 98502K, committed 98560K, reserved 1134592K
  class space    used 12094K, capacity 13146K, committed 13184K, reserved 1048576K
Event: 3292.921 GC heap after
Heap after GC invocations=15 (full 3):
 PSYoungGen      total 482304K, used 28170K [0x00000000e0000000, 0x0000000100000000, 0x0000000100000000)
  eden space 446464K, 0% used [0x00000000e0000000,0x00000000e0000000,0x00000000fb400000)
  from space 35840K, 78% used [0x00000000fdd00000,0x00000000ff8828e8,0x0000000100000000)
  to   space 38912K, 0% used [0x00000000fb400000,0x00000000fb400000,0x00000000fda00000)
 ParOldGen       total 131584K, used 53256K [0x00000000a0000000, 0x00000000a8080000, 0x00000000e0000000)
  object space 131584K, 40% used [0x00000000a0000000,0x00000000a3402318,0x00000000a8080000)
 Metaspace       used 93610K, capacity 98502K, committed 98560K, reserved 1134592K
  class space    used 12094K, capacity 13146K, committed 13184K, reserved 1048576K
}
Event: 3292.921 GC heap before
{Heap before GC invocations=16 (full 4):
 PSYoungGen      total 482304K, used 28170K [0x00000000e0000000, 0x0000000100000000, 0x0000000100000000)
  eden space 446464K, 0% used [0x00000000e0000000,0x00000000e0000000,0x00000000fb400000)
  from space 35840K, 78% used [0x00000000fdd00000,0x00000000ff8828e8,0x0000000100000000)
  to   space 38912K, 0% used [0x00000000fb400000,0x00000000fb400000,0x00000000fda00000)
 ParOldGen       total 131584K, used 53256K [0x00000000a0000000, 0x00000000a8080000, 0x00000000e0000000)
  object space 131584K, 40% used [0x00000000a0000000,0x00000000a3402318,0x00000000a8080000)
 Metaspace       used 93610K, capacity 98502K, committed 98560K, reserved 1134592K
  class space    used 12094K, capacity 13146K, committed 13184K, reserved 1048576K
Event: 3293.258 GC heap after
Heap after GC invocations=16 (full 4):
 PSYoungGen      total 482304K, used 0K [0x00000000e0000000, 0x0000000100000000, 0x0000000100000000)
  eden space 446464K, 0% used [0x00000000e0000000,0x00000000e0000000,0x00000000fb400000)
  from space 35840K, 0% used [0x00000000fdd00000,0x00000000fdd00000,0x0000000100000000)
  to   space 38912K, 0% used [0x00000000fb400000,0x00000000fb400000,0x00000000fda00000)
 ParOldGen       total 200704K, used 60999K [0x00000000a0000000, 0x00000000ac400000, 0x00000000e0000000)
  object space 200704K, 30% used [0x00000000a0000000,0x00000000a3b91db0,0x00000000ac400000)
 Metaspace       used 92900K, capacity 96604K, committed 98560K, reserved 1134592K
  class space    used 11878K, capacity 12730K, committed 13184K, reserved 1048576K
}
Event: 3296.012 GC heap before
{Heap before GC invocations=17 (full 4):
 PSYoungGen      total 482304K, used 446464K [0x00000000e0000000, 0x0000000100000000, 0x0000000100000000)
  eden space 446464K, 100% used [0x00000000e0000000,0x00000000fb400000,0x00000000fb400000)
  from space 35840K, 0% used [0x00000000fdd00000,0x00000000fdd00000,0x0000000100000000)
  to   space 38912K, 0% used [0x00000000fb400000,0x00000000fb400000,0x00000000fda00000)
 ParOldGen       total 200704K, used 60999K [0x00000000a0000000, 0x00000000ac400000, 0x00000000e0000000)
  object space 200704K, 30% used [0x00000000a0000000,0x00000000a3b91db0,0x00000000ac400000)
 Metaspace       used 103735K, capacity 109206K, committed 109312K, reserved 1144832K
  class space    used 13441K, capacity 14521K, committed 14592K, reserved 1048576K
Event: 3296.039 GC heap after
Heap after GC invocations=17 (full 4):
 PSYoungGen      total 474112K, used 27230K [0x00000000e0000000, 0x0000000100000000, 0x0000000100000000)
  eden space 446464K, 0% used [0x00000000e0000000,0x00000000e0000000,0x00000000fb400000)
  from space 27648K, 98% used [0x00000000fb400000,0x00000000fce97890,0x00000000fcf00000)
  to   space 40448K, 0% used [0x00000000fd880000,0x00000000fd880000,0x0000000100000000)
 ParOldGen       total 200704K, used 61015K [0x00000000a0000000, 0x00000000ac400000, 0x00000000e0000000)
  object space 200704K, 30% used [0x00000000a0000000,0x00000000a3b95db0,0x00000000ac400000)
 Metaspace       used 103735K, capacity 109206K, committed 109312K, reserved 1144832K
  class space    used 13441K, capacity 14521K, committed 14592K, reserved 1048576K
}
Event: 3297.476 GC heap before
{Heap before GC invocations=18 (full 4):
 PSYoungGen      total 474112K, used 473694K [0x00000000e0000000, 0x0000000100000000, 0x0000000100000000)
  eden space 446464K, 100% used [0x00000000e0000000,0x00000000fb400000,0x00000000fb400000)
  from space 27648K, 98% used [0x00000000fb400000,0x00000000fce97890,0x00000000fcf00000)
  to   space 40448K, 0% used [0x00000000fd880000,0x00000000fd880000,0x0000000100000000)
 ParOldGen       total 200704K, used 61015K [0x00000000a0000000, 0x00000000ac400000, 0x00000000e0000000)
  object space 200704K, 30% used [0x00000000a0000000,0x00000000a3b95db0,0x00000000ac400000)
 Metaspace       used 104362K, capacity 109954K, committed 110208K, reserved 1144832K
  class space    used 13457K, capacity 14559K, committed 14720K, reserved 1048576K
Event: 3297.496 GC heap after
Heap after GC invocations=18 (full 4):
 PSYoungGen      total 485376K, used 19448K [0x00000000e0000000, 0x0000000100000000, 0x0000000100000000)
  eden space 444928K, 0% used [0x00000000e0000000,0x00000000e0000000,0x00000000fb280000)
  from space 40448K, 48% used [0x00000000fd880000,0x00000000feb7e028,0x0000000100000000)
  to   space 38912K, 0% used [0x00000000fb280000,0x00000000fb280000,0x00000000fd880000)
 ParOldGen       total 200704K, used 61023K [0x00000000a0000000, 0x00000000ac400000, 0x00000000e0000000)
  object space 200704K, 30% used [0x00000000a0000000,0x00000000a3b97db0,0x00000000ac400000)
 Metaspace       used 104362K, capacity 109954K, committed 110208K, reserved 1144832K
  class space    used 13457K, capacity 14559K, committed 14720K, reserved 1048576K
}
Event: 3299.679 GC heap before
{Heap before GC invocations=19 (full 4):
 PSYoungGen      total 485376K, used 464376K [0x00000000e0000000, 0x0000000100000000, 0x0000000100000000)
  eden space 444928K, 100% used [0x00000000e0000000,0x00000000fb280000,0x00000000fb280000)
  from space 40448K, 48% used [0x00000000fd880000,0x00000000feb7e028,0x0000000100000000)
  to   space 38912K, 0% used [0x00000000fb280000,0x00000000fb280000,0x00000000fd880000)
 ParOldGen       total 200704K, used 61023K [0x00000000a0000000, 0x00000000ac400000, 0x00000000e0000000)
  object space 200704K, 30% used [0x00000000a0000000,0x00000000a3b97db0,0x00000000ac400000)
 Metaspace       used 105344K, capacity 111044K, committed 111232K, reserved 1146880K
  class space    used 13544K, capacity 14662K, committed 14720K, reserved 1048576K
Event: 3299.710 GC heap after
Heap after GC invocations=19 (full 4):
 PSYoungGen      total 477184K, used 31856K [0x00000000e0000000, 0x0000000100000000, 0x0000000100000000)
  eden space 444928K, 0% used [0x00000000e0000000,0x00000000e0000000,0x00000000fb280000)
  from space 32256K, 98% used [0x00000000fb280000,0x00000000fd19c350,0x00000000fd200000)
  to   space 41984K, 0% used [0x00000000fd700000,0x00000000fd700000,0x0000000100000000)
 ParOldGen       total 200704K, used 61031K [0x00000000a0000000, 0x00000000ac400000, 0x00000000e0000000)
  object space 200704K, 30% used [0x00000000a0000000,0x00000000a3b99db0,0x00000000ac400000)
 Metaspace       used 105344K, capacity 111044K, committed 111232K, reserved 1146880K
  class space    used 13544K, capacity 14662K, committed 14720K, reserved 1048576K
}

Deoptimization events (10 events):
Event: 3300.495 Thread 0x000000001af3a800 Uncommon trap: reason=class_check action=maybe_recompile pc=0x00000000050f1a44 method=com.sun.org.apache.xerces.internal.parsers.AbstractSAXParser.startNamespaceMapping()V @ 65
Event: 3300.496 Thread 0x000000001af3a800 Uncommon trap: reason=class_check action=maybe_recompile pc=0x00000000050f0408 method=com.sun.org.apache.xerces.internal.parsers.AbstractSAXParser.startElement(Lcom/sun/org/apache/xerces/internal/xni/QName;Lcom/sun/org/apache/xerces/internal/xni/XMLAttrib
Event: 3300.520 Thread 0x000000001af3a800 Uncommon trap: reason=unstable_if action=reinterpret pc=0x000000000310879c method=java.io.ObjectOutputStream$BlockDataOutputStream.writeBytes(Ljava/lang/String;)V @ 22
Event: 3300.538 Thread 0x000000002036e800 Uncommon trap: reason=class_check action=maybe_recompile pc=0x0000000002f46a68 method=java.io.DataInputStream.readUnsignedShort()I @ 4
Event: 3300.538 Thread 0x000000002036e800 Uncommon trap: reason=class_check action=maybe_recompile pc=0x0000000002f46a68 method=java.io.DataInputStream.readUnsignedShort()I @ 4
Event: 3300.546 Thread 0x000000002036e800 Uncommon trap: reason=class_check action=maybe_recompile pc=0x0000000004f36554 method=com.sun.org.apache.xerces.internal.parsers.AbstractSAXParser.startNamespaceMapping()V @ 65
Event: 3300.590 Thread 0x000000002036e800 Uncommon trap: reason=speculate_class_check action=maybe_recompile pc=0x00000000052c8570 method=sun.nio.ch.IOUtil.writeFromNativeBuffer(Ljava/io/FileDescriptor;Ljava/nio/ByteBuffer;JLsun/nio/ch/NativeDispatcher;)I @ 100
Event: 3300.590 Thread 0x000000002036e800 Uncommon trap: reason=speculate_class_check action=maybe_recompile pc=0x00000000052c8570 method=sun.nio.ch.IOUtil.writeFromNativeBuffer(Ljava/io/FileDescriptor;Ljava/nio/ByteBuffer;JLsun/nio/ch/NativeDispatcher;)I @ 100
Event: 3300.591 Thread 0x000000002036e800 Uncommon trap: reason=speculate_class_check action=maybe_recompile pc=0x00000000052c8570 method=sun.nio.ch.IOUtil.writeFromNativeBuffer(Ljava/io/FileDescriptor;Ljava/nio/ByteBuffer;JLsun/nio/ch/NativeDispatcher;)I @ 100
Event: 3300.591 Thread 0x000000002036e800 Uncommon trap: reason=speculate_class_check action=maybe_recompile pc=0x00000000052c8570 method=sun.nio.ch.IOUtil.writeFromNativeBuffer(Ljava/io/FileDescriptor;Ljava/nio/ByteBuffer;JLsun/nio/ch/NativeDispatcher;)I @ 100

Classes redefined (0 events):
No events

Internal exceptions (10 events):
Event: 3299.871 Thread 0x000000002bd7d000 Exception <a 'sun/nio/fs/WindowsException'> (0x00000000e1c1eaf8) thrown at [D:\src\AOSP-openjdk-cygwin\jdk8u\hotspot\src\share\vm\prims\jni.cpp, line 710]
Event: 3299.904 Thread 0x0000000020370000 Exception <a 'sun/nio/fs/WindowsException'> (0x00000000e2892830) thrown at [D:\src\AOSP-openjdk-cygwin\jdk8u\hotspot\src\share\vm\prims\jni.cpp, line 710]
Event: 3300.475 Thread 0x000000002bd83000 Exception <a 'sun/nio/fs/WindowsException'> (0x00000000e94533f0) thrown at [D:\src\AOSP-openjdk-cygwin\jdk8u\hotspot\src\share\vm\prims\jni.cpp, line 710]
Event: 3300.519 Thread 0x000000001af3a800 Exception <a 'java/lang/NoSuchMethodError': <clinit>> (0x00000000e1f54868) thrown at [D:\src\AOSP-openjdk-cygwin\jdk8u\hotspot\src\share\vm\prims\jni.cpp, line 1614]
Event: 3300.520 Thread 0x000000001af3a800 Exception <a 'java/lang/NoSuchMethodError': <clinit>> (0x00000000e1f590c8) thrown at [D:\src\AOSP-openjdk-cygwin\jdk8u\hotspot\src\share\vm\prims\jni.cpp, line 1614]
Event: 3300.521 Thread 0x000000001af3a800 Exception <a 'java/lang/NoSuchMethodError': <clinit>> (0x00000000e1f67ce0) thrown at [D:\src\AOSP-openjdk-cygwin\jdk8u\hotspot\src\share\vm\prims\jni.cpp, line 1614]
Event: 3300.522 Thread 0x000000001af3a800 Exception <a 'java/lang/NoSuchMethodError': <clinit>> (0x00000000e1f83700) thrown at [D:\src\AOSP-openjdk-cygwin\jdk8u\hotspot\src\share\vm\prims\jni.cpp, line 1614]
Event: 3300.569 Thread 0x000000002036e800 Exception <a 'sun/nio/fs/WindowsException'> (0x00000000e976c540) thrown at [D:\src\AOSP-openjdk-cygwin\jdk8u\hotspot\src\share\vm\prims\jni.cpp, line 710]
Event: 3300.569 Thread 0x000000002036e800 Exception <a 'sun/nio/fs/WindowsException'> (0x00000000e976c9e8) thrown at [D:\src\AOSP-openjdk-cygwin\jdk8u\hotspot\src\share\vm\prims\jni.cpp, line 710]
Event: 3300.574 Thread 0x000000002036e800 Exception <a 'java/lang/NoSuchMethodError': java.lang.Object.lambda$static$0(Lcom/android/apksig/util/RunnablesProvider;)V> (0x00000000e97c4bf0) thrown at [D:\src\AOSP-openjdk-cygwin\jdk8u\hotspot\src\share\vm\interpreter\linkResolver.cpp, line 620]

Events (10 events):
Event: 3300.591 Thread 0x000000002036e800 DEOPT PACKING pc=0x00000000052c8570 sp=0x000000002e90d7b0
Event: 3300.591 Thread 0x000000002036e800 DEOPT UNPACKING pc=0x000000000292557b sp=0x000000002e90d748 mode 2
Event: 3300.609 loading class com/google/common/collect/Maps$IteratorBasedAbstractMap$1
Event: 3300.609 loading class com/google/common/collect/Maps$IteratorBasedAbstractMap$1 done
Event: 3300.610 loading class com/google/common/collect/HashBiMap$1
Event: 3300.610 loading class com/google/common/collect/HashBiMap$1 done
Event: 3300.610 loading class com/google/common/collect/HashBiMap$Itr
Event: 3300.610 loading class com/google/common/collect/HashBiMap$Itr done
Event: 3300.611 loading class com/google/common/collect/HashBiMap$1$MapEntry
Event: 3300.611 loading class com/google/common/collect/HashBiMap$1$MapEntry done


Dynamic libraries:
0x00007ff7e12d0000 - 0x00007ff7e1301000 	C:\Program Files\Android\Android Studio\jre\bin\java.exe
0x00007ff8bbd40000 - 0x00007ff8bbf30000 	C:\Windows\SYSTEM32\ntdll.dll
0x00007ff8baee0000 - 0x00007ff8baf92000 	C:\Windows\System32\KERNEL32.DLL
0x00007ff8b9070000 - 0x00007ff8b9313000 	C:\Windows\System32\KERNELBASE.dll
0x00007ff8bb140000 - 0x00007ff8bb1e3000 	C:\Windows\System32\ADVAPI32.DLL
0x00007ff8ba2e0000 - 0x00007ff8ba37e000 	C:\Windows\System32\msvcrt.dll
0x00007ff8ba470000 - 0x00007ff8ba507000 	C:\Windows\System32\sechost.dll
0x00007ff8bacc0000 - 0x00007ff8bade0000 	C:\Windows\System32\RPCRT4.dll
0x00007ff8bafa0000 - 0x00007ff8bb134000 	C:\Windows\System32\USER32.dll
0x00007ff8b9040000 - 0x00007ff8b9061000 	C:\Windows\System32\win32u.dll
0x00007ff8bac90000 - 0x00007ff8bacb6000 	C:\Windows\System32\GDI32.dll
0x00007ff8b8ea0000 - 0x00007ff8b9034000 	C:\Windows\System32\gdi32full.dll
0x00007ff8b9400000 - 0x00007ff8b949e000 	C:\Windows\System32\msvcp_win.dll
0x00007ff8b9550000 - 0x00007ff8b964a000 	C:\Windows\System32\ucrtbase.dll
0x00007ff8b1c90000 - 0x00007ff8b1f15000 	C:\Windows\WinSxS\amd64_microsoft.windows.common-controls_6595b64144ccf1df_6.0.18362.418_none_e6c6b287130d565d\COMCTL32.dll
0x00007ff8bb9c0000 - 0x00007ff8bbcf6000 	C:\Windows\System32\combase.dll
0x00007ff8b8e20000 - 0x00007ff8b8ea0000 	C:\Windows\System32\bcryptPrimitives.dll
0x00007ff8bade0000 - 0x00007ff8bae0e000 	C:\Windows\System32\IMM32.DLL
0x0000000072690000 - 0x0000000072762000 	C:\Program Files\Android\Android Studio\jre\jre\bin\msvcr100.dll
0x0000000072850000 - 0x0000000073096000 	C:\Program Files\Android\Android Studio\jre\jre\bin\server\jvm.dll
0x00007ff8bb2c0000 - 0x00007ff8bb2c8000 	C:\Windows\System32\PSAPI.DLL
0x00007ff8b36c0000 - 0x00007ff8b36ca000 	C:\Windows\SYSTEM32\VERSION.dll
0x00007ff8b68c0000 - 0x00007ff8b68e4000 	C:\Windows\SYSTEM32\WINMM.dll
0x00007ff8b7700000 - 0x00007ff8b7709000 	C:\Windows\SYSTEM32\WSOCK32.dll
0x00007ff8bb1f0000 - 0x00007ff8bb25f000 	C:\Windows\System32\WS2_32.dll
0x00007ff8b6760000 - 0x00007ff8b678d000 	C:\Windows\SYSTEM32\winmmbase.dll
0x00007ff8b9500000 - 0x00007ff8b954a000 	C:\Windows\System32\cfgmgr32.dll
0x00007ff8ab880000 - 0x00007ff8ab88f000 	C:\Program Files\Android\Android Studio\jre\jre\bin\verify.dll
0x00007ff8ab850000 - 0x00007ff8ab879000 	C:\Program Files\Android\Android Studio\jre\jre\bin\java.dll
0x00007ff8ab7f0000 - 0x00007ff8ab806000 	C:\Program Files\Android\Android Studio\jre\jre\bin\zip.dll
0x00007ff8bb2d0000 - 0x00007ff8bb9b5000 	C:\Windows\System32\SHELL32.dll
0x00007ff8b9f90000 - 0x00007ff8ba039000 	C:\Windows\System32\shcore.dll
0x00007ff8b9650000 - 0x00007ff8b9dcf000 	C:\Windows\System32\windows.storage.dll
0x00007ff8b8c40000 - 0x00007ff8b8c5f000 	C:\Windows\System32\profapi.dll
0x00007ff8b8c60000 - 0x00007ff8b8caa000 	C:\Windows\System32\powrprof.dll
0x00007ff8b8c10000 - 0x00007ff8b8c20000 	C:\Windows\System32\UMPDC.dll
0x00007ff8ba410000 - 0x00007ff8ba462000 	C:\Windows\System32\shlwapi.dll
0x00007ff8b8cb0000 - 0x00007ff8b8cc1000 	C:\Windows\System32\kernel.appcore.dll
0x00007ff8b9dd0000 - 0x00007ff8b9de7000 	C:\Windows\System32\cryptsp.dll
0x00007ff8ab7d0000 - 0x00007ff8ab7ea000 	C:\Program Files\Android\Android Studio\jre\jre\bin\net.dll
0x00007ff8a7f80000 - 0x00007ff8a8156000 	C:\Windows\SYSTEM32\urlmon.dll
0x00007ff8a8cd0000 - 0x00007ff8a8f76000 	C:\Windows\SYSTEM32\iertutil.dll
0x00007ff8b85f0000 - 0x00007ff8b85fc000 	C:\Windows\SYSTEM32\CRYPTBASE.DLL
0x00007ff8b8420000 - 0x00007ff8b8487000 	C:\Windows\system32\mswsock.dll
0x00007ff8ab710000 - 0x00007ff8ab723000 	C:\Program Files\Android\Android Studio\jre\jre\bin\nio.dll
0x00007ff8b22f0000 - 0x00007ff8b2316000 	C:\Users\Administrator\.gradle\native\30\windows-amd64\native-platform.dll
0x00007ff8ab840000 - 0x00007ff8ab84d000 	C:\Program Files\Android\Android Studio\jre\jre\bin\management.dll
0x00007ff8b7f90000 - 0x00007ff8b7fc3000 	C:\Windows\system32\rsaenh.dll
0x00007ff8b93d0000 - 0x00007ff8b93f6000 	C:\Windows\System32\bcrypt.dll
0x00007ff8b8b00000 - 0x00007ff8b8b25000 	C:\Windows\SYSTEM32\USERENV.dll
0x00007ff8b8130000 - 0x00007ff8b816a000 	C:\Windows\SYSTEM32\IPHLPAPI.DLL
0x00007ff8ba2d0000 - 0x00007ff8ba2d8000 	C:\Windows\System32\NSI.dll
0x00007ff8b0440000 - 0x00007ff8b0456000 	C:\Windows\SYSTEM32\dhcpcsvc6.DLL
0x00007ff8b0390000 - 0x00007ff8b03ac000 	C:\Windows\SYSTEM32\dhcpcsvc.DLL
0x00007ff8b8170000 - 0x00007ff8b823a000 	C:\Windows\SYSTEM32\DNSAPI.dll
0x00007ff89ad60000 - 0x00007ff89ad84000 	C:\Program Files\Android\Android Studio\jre\jre\bin\sunec.dll
0x00007ff8a3040000 - 0x00007ff8a304a000 	C:\Windows\System32\rasadhlp.dll
0x00007ff8ace80000 - 0x00007ff8acef7000 	C:\Windows\System32\fwpuclnt.dll
0x00007ff8ab6d0000 - 0x00007ff8ab6db000 	C:\Program Files\Android\Android Studio\jre\jre\bin\sunmscapi.dll
0x00007ff8b8cd0000 - 0x00007ff8b8e19000 	C:\Windows\System32\CRYPT32.dll
0x00007ff8b8c20000 - 0x00007ff8b8c32000 	C:\Windows\System32\MSASN1.dll
0x00007ff880750000 - 0x00007ff8808ec000 	C:\Program Files\Android\Android Studio\jre\jre\bin\awt.dll
0x00007ff8bae10000 - 0x00007ff8baed4000 	C:\Windows\System32\OLEAUT32.dll
0x00007ff8b6fc0000 - 0x00007ff8b6fed000 	C:\Windows\SYSTEM32\dwmapi.dll
0x00007ff8b54b0000 - 0x00007ff8b5a70000 	C:\Windows\SYSTEM32\d2d1.dll
0x00007ff8b69d0000 - 0x00007ff8b6a5f000 	C:\Windows\SYSTEM32\apphelp.dll
0x00007ff8b6b60000 - 0x00007ff8b6bf9000 	C:\Windows\system32\uxtheme.dll

VM Arguments:
jvm_args: -Xmx1536m -Dfile.encoding=UTF-8 -Duser.country=CN -Duser.language=zh -Duser.variant 
java_command: org.gradle.launcher.daemon.bootstrap.GradleDaemon 5.6.4
java_class_path (initial): C:\Users\Administrator\.gradle\wrapper\dists\gradle-5.6.4-all\ankdp27end7byghfw1q2sw75f\gradle-5.6.4\lib\gradle-launcher-5.6.4.jar
Launcher Type: SUN_STANDARD

Environment Variables:
JAVA_HOME=C:\Program Files\Java\jdk1.8.0_251
CLASSPATH=.;C:\Program Files\Java\jdk1.8.0_251\lib;C:\Program Files\Java\jdk1.8.0_251\lib\tools.jar
PATH=C:\Program Files (x86)\Common Files\Oracle\Java\javapath;C:\Windows\system32;C:\Windows;C:\Windows\System32\Wbem;C:\Windows\System32\WindowsPowerShell\v1.0\;C:\Windows\System32\OpenSSH\;C:\Program Files\Git\cmd;C:\Program Files\Java\jdk1.8.0_251\bin;C:\Program Files\Java\jdk1.8.0_251\jre\bin;C:\Users\Administrator\AppData\Local\Microsoft\WindowsApps;
USERNAME=Administrator
OS=Windows_NT
PROCESSOR_IDENTIFIER=Intel64 Family 6 Model 142 Stepping 10, GenuineIntel



---------------  S Y S T E M  ---------------

OS: Windows 10.0 , 64 bit Build 18362 (10.0.18362.329)

CPU:total 8 (initial active 8) (4 cores per cpu, 2 threads per core) family 6 model 142 stepping 10, cmov, cx8, fxsr, mmx, sse, sse2, sse3, ssse3, sse4.1, sse4.2, popcnt, avx, avx2, aes, clmul, erms, 3dnowpref, lzcnt, ht, tsc, tscinvbit, bmi1, bmi2, adx

Memory: 4k page, physical 8281304k(378612k free), swap 11650264k(5200k free)

vm_info: OpenJDK 64-Bit Server VM (25.212-b04) for windows-amd64 JRE (1.8.0_212-release-1586-b04), built by "builder" with MS VC++ 10.0 (VS2010)

time: Fri Jun 12 11:41:37 2020
timezone: 中国标准时间
elapsed time: 3300 seconds (0d 0h 55m 0s)

